Generated at 2013-11-25 15:29:52 +0000
Chef::Exceptions::Cron: cron[backup_feeds_db] (mongodb::default line 86) had an error: Chef::Exceptions::Cron: Error updating state of backup_feeds_db, exit: 1
/var/lib/gems/1.9.1/gems/chef-11.8.0/lib/chef/provider/cron.rb:210:in `write_crontab'
/var/lib/gems/1.9.1/gems/chef-11.8.0/lib/chef/provider/cron.rb:140:in `block in action_create'
/var/lib/gems/1.9.1/gems/chef-11.8.0/lib/chef/mixin/why_run.rb:52:in `call'
/var/lib/gems/1.9.1/gems/chef-11.8.0/lib/chef/mixin/why_run.rb:52:in `add_action'
/var/lib/gems/1.9.1/gems/chef-11.8.0/lib/chef/provider.rb:149:in `converge_by'
/var/lib/gems/1.9.1/gems/chef-11.8.0/lib/chef/provider/cron.rb:139:in `action_create'
/var/lib/gems/1.9.1/gems/chef-11.8.0/lib/chef/provider.rb:114:in `run_action'
/var/lib/gems/1.9.1/gems/chef-11.8.0/lib/chef/resource.rb:625:in `run_action'
/var/lib/gems/1.9.1/gems/chef-11.8.0/lib/chef/runner.rb:49:in `run_action'
/var/lib/gems/1.9.1/gems/chef-11.8.0/lib/chef/runner.rb:81:in `block (2 levels) in converge'
/var/lib/gems/1.9.1/gems/chef-11.8.0/lib/chef/runner.rb:81:in `each'
/var/lib/gems/1.9.1/gems/chef-11.8.0/lib/chef/runner.rb:81:in `block in converge'
/var/lib/gems/1.9.1/gems/chef-11.8.0/lib/chef/resource_collection.rb:98:in `block in execute_each_resource'
/var/lib/gems/1.9.1/gems/chef-11.8.0/lib/chef/resource_collection/stepable_iterator.rb:116:in `call'
/var/lib/gems/1.9.1/gems/chef-11.8.0/lib/chef/resource_collection/stepable_iterator.rb:116:in `call_iterator_block'
/var/lib/gems/1.9.1/gems/chef-11.8.0/lib/chef/resource_collection/stepable_iterator.rb:85:in `step'
/var/lib/gems/1.9.1/gems/chef-11.8.0/lib/chef/resource_collection/stepable_iterator.rb:104:in `iterate'
/var/lib/gems/1.9.1/gems/chef-11.8.0/lib/chef/resource_collection/stepable_iterator.rb:55:in `each_with_index'
/var/lib/gems/1.9.1/gems/chef-11.8.0/lib/chef/resource_collection.rb:96:in `execute_each_resource'
/var/lib/gems/1.9.1/gems/chef-11.8.0/lib/chef/runner.rb:80:in `converge'
/var/lib/gems/1.9.1/gems/chef-11.8.0/lib/chef/client.rb:433:in `converge'
/var/lib/gems/1.9.1/gems/chef-11.8.0/lib/chef/client.rb:500:in `do_run'
/var/lib/gems/1.9.1/gems/chef-11.8.0/lib/chef/client.rb:199:in `block in run'
/var/lib/gems/1.9.1/gems/chef-11.8.0/lib/chef/client.rb:193:in `fork'
/var/lib/gems/1.9.1/gems/chef-11.8.0/lib/chef/client.rb:193:in `run'
/var/lib/gems/1.9.1/gems/chef-11.8.0/lib/chef/application.rb:208:in `run_chef_client'
/var/lib/gems/1.9.1/gems/chef-11.8.0/lib/chef/application/solo.rb:221:in `block in run_application'
/var/lib/gems/1.9.1/gems/chef-11.8.0/lib/chef/application/solo.rb:213:in `loop'
/var/lib/gems/1.9.1/gems/chef-11.8.0/lib/chef/application/solo.rb:213:in `run_application'
/var/lib/gems/1.9.1/gems/chef-11.8.0/lib/chef/application.rb:66:in `run'
/var/lib/gems/1.9.1/gems/chef-11.8.0/bin/chef-solo:25:in `<top (required)>'
/usr/local/bin/chef-solo:19:in `load'
/usr/local/bin/chef-solo:19:in `<main>'