0 info it worked if it ends with ok
1 verbose cli [ '/usr/local/Cellar/node/0.10.15/bin/node',
1 verbose cli   '/usr/local/bin/npm',
1 verbose cli   'install',
1 verbose cli   '--save-dev',
1 verbose cli   'grunt-{commit}' ]
2 info using npm@1.3.5
3 info using node@v0.10.15
4 verbose cache add [ 'grunt-{commit}', null ]
5 verbose cache add name=undefined spec="grunt-{commit}" args=["grunt-{commit}",null]
6 verbose parsed url { protocol: null,
6 verbose parsed url   slashes: null,
6 verbose parsed url   auth: null,
6 verbose parsed url   host: null,
6 verbose parsed url   port: null,
6 verbose parsed url   hostname: null,
6 verbose parsed url   hash: null,
6 verbose parsed url   search: null,
6 verbose parsed url   query: null,
6 verbose parsed url   pathname: 'grunt-{commit}',
6 verbose parsed url   path: 'grunt-{commit}',
6 verbose parsed url   href: 'grunt-{commit}' }
7 silly lockFile 7b16b84c-grunt-commit grunt-{commit}
8 verbose lock grunt-{commit} /Users/xanrin/.npm/7b16b84c-grunt-commit.lock
9 silly lockFile 7b16b84c-grunt-commit grunt-{commit}
10 silly lockFile 7b16b84c-grunt-commit grunt-{commit}
11 verbose addNamed [ 'grunt-{commit}', '' ]
12 verbose addNamed [ null, '*' ]
13 silly lockFile 3aa19ee8-grunt-commit grunt-{commit}@
14 verbose lock grunt-{commit}@ /Users/xanrin/.npm/3aa19ee8-grunt-commit.lock
15 silly addNameRange { name: 'grunt-{commit}', range: '*', hasData: false }
16 verbose url raw grunt-{commit}
17 verbose url resolving [ 'https://registry.npmjs.org/', './grunt-%7Bcommit%7D' ]
18 verbose url resolved https://registry.npmjs.org/grunt-%7Bcommit%7D
19 info trying registry request attempt 1 at 11:02:07
20 http GET https://registry.npmjs.org/grunt-%7Bcommit%7D
21 http 404 https://registry.npmjs.org/grunt-%7Bcommit%7D
22 silly registry.get cb [ 404,
22 silly registry.get   { server: 'CouchDB/1.5.0 (Erlang OTP/R15B03)',
22 silly registry.get     date: 'Mon, 02 Dec 2013 10:02:09 GMT',
22 silly registry.get     'content-type': 'application/json',
22 silly registry.get     'content-length': '52',
22 silly registry.get     'cache-control': 'must-revalidate' } ]
23 silly lockFile 3aa19ee8-grunt-commit grunt-{commit}@
24 silly lockFile 3aa19ee8-grunt-commit grunt-{commit}@
25 error 404 'grunt-%7Bcommit%7D' is not in the npm registry.
25 error 404 You should bug the author to publish it
25 error 404
25 error 404 Note that you can also install from a
25 error 404 tarball, folder, or http url, or git url.
26 error System Darwin 12.4.0
27 error command "/usr/local/Cellar/node/0.10.15/bin/node" "/usr/local/bin/npm" "install" "--save-dev" "grunt-{commit}"
28 error cwd /Users/xanrin/Documents/ProjectFeeds-Vagrant
29 error node -v v0.10.15
30 error npm -v 1.3.5
31 error code E404
32 verbose exit [ 1, true ]
